<?xml version="1.0" encoding="UTF-8"?>
<!-- Generated by org.testng.reporters.JUnitReportReporter -->
<testsuite hostname="AHS-LP-181" failures="0" tests="2" name="test.test.DataProviders1" time="0.014" errors="0" timestamp="2022-04-11T23:02:37 IST" skipped="0">
  <testcase classname="test.test.DataProviders1" name="method1" time="0.012"/>
  <system-out/>
  <testcase classname="test.test.DataProviders1" name="method1" time="0.002"/>
  <system-out/>
</testsuite> <!-- test.test.DataProviders1 -->
