<?xml version="1.0" encoding="UTF-8"?>
<!-- Generated by org.testng.reporters.JUnitReportReporter -->
<testsuite hostname="AHS-LP-181" failures="0" tests="2" name="test.test.PartiallyDataProviders" time="0.014" errors="0" timestamp="2022-04-11T23:42:44 IST" skipped="0">
  <testcase classname="test.test.PartiallyDataProviders" name="method1" time="0.003"/>
  <system-out/>
  <testcase classname="test.test.PartiallyDataProviders" name="method1" time="0.011"/>
  <system-out/>
</testsuite> <!-- test.test.PartiallyDataProviders -->
