<?xml version="1.0" encoding="UTF-8"?>
<!-- Generated by org.testng.reporters.JUnitReportReporter -->
<testsuite hostname="AHS-LP-181" failures="0" tests="2" name="test.test.Returntypes" time="0.017" errors="0" timestamp="2022-04-11T21:12:08 IST" skipped="0">
  <testcase classname="test.test.Returntypes" name="method1" time="0.015"/>
  <system-out/>
  <testcase classname="test.test.Returntypes" name="method1" time="0.002"/>
  <system-out/>
</testsuite> <!-- test.test.Returntypes -->
