<?xml version="1.0" encoding="UTF-8"?>
<!-- Generated by org.testng.reporters.JUnitReportReporter -->
<testsuite hostname="AHS-LP-181" failures="0" tests="3" name="test.test.Parametersdemo" time="18.386" errors="0" timestamp="2022-04-07T19:42:57 IST" skipped="0">
  <testcase classname="test.test.Parametersdemo" name="browserDetails" time="11.393"/>
  <system-out/>
  <testcase classname="test.test.Parametersdemo" name="urlAccess" time="3.147"/>
  <system-out/>
  <testcase classname="test.test.Parametersdemo" name="enterText" time="3.846"/>
  <system-out/>
</testsuite> <!-- test.test.Parametersdemo -->
