<?xml version="1.0" encoding="UTF-8"?>
<!-- Generated by org.testng.reporters.JUnitReportReporter -->
<testsuite hostname="AHS-LP-181" failures="0" tests="1" name="test.test.Java_inheritance2" time="0.019" errors="0" timestamp="2022-04-12T00:51:39 IST" skipped="0">
  <testcase classname="test.test.Java_inheritance2" name="method1" time="0.019"/>
  <system-out/>
</testsuite> <!-- test.test.Java_inheritance2 -->
