<?xml version="1.0" encoding="UTF-8"?>
<!-- Generated by org.testng.reporters.JUnitReportReporter -->
<testsuite hostname="AHS-LP-181" failures="0" tests="4" name="test.test.IgnoreTestmethod" time="0.023" errors="0" timestamp="2022-04-08T00:39:08 IST" skipped="0">
  <testcase classname="test.test.IgnoreTestmethod" name="bookingPage" time="0.016"/>
  <system-out/>
  <testcase classname="test.test.IgnoreTestmethod" name="login" time="0.002"/>
  <system-out/>
  <testcase classname="test.test.IgnoreTestmethod" name="signup" time="0.002"/>
  <system-out/>
  <testcase classname="test.test.IgnoreTestmethod" name="selectRoute" time="0.003"/>
  <system-out/>
</testsuite> <!-- test.test.IgnoreTestmethod -->
