<?xml version="1.0" encoding="UTF-8"?>
<!-- Generated by org.testng.reporters.JUnitReportReporter -->
<testsuite hostname="AHS-LP-181" failures="0" tests="1" name="test.test.Assertiondemo" time="63.962" errors="0" timestamp="2022-04-05T18:34:32 IST" skipped="0">
  <testcase classname="test.test.Assertiondemo" name="softAssertion" time="63.962"/>
  <system-out/>
</testsuite> <!-- test.test.Assertiondemo -->
