<?xml version="1.0" encoding="UTF-8"?>
<!-- Generated by org.testng.reporters.JUnitReportReporter -->
<testsuite hostname="AHS-LP-181" failures="0" tests="3" name="test.test.PriorityTestNG" time="0.017" errors="0" timestamp="2022-04-07T19:29:37 IST" skipped="0">
  <testcase classname="test.test.PriorityTestNG" name="signup" time="0.013"/>
  <system-out/>
  <testcase classname="test.test.PriorityTestNG" name="login" time="0.002"/>
  <system-out/>
  <testcase classname="test.test.PriorityTestNG" name="bookingPage" time="0.002"/>
  <system-out/>
</testsuite> <!-- test.test.PriorityTestNG -->
