<?xml version="1.0" encoding="UTF-8"?>
<!-- Generated by org.testng.reporters.JUnitReportReporter -->
<testsuite hostname="AHS-LP-181" failures="0" tests="1" name="test.test.Annotationdemo" time="0.026" errors="0" timestamp="2022-04-06T18:33:09 IST" skipped="0">
  <testcase classname="test.test.Annotationdemo" name="testdemo" time="0.026"/>
  <system-out/>
</testsuite> <!-- test.test.Annotationdemo -->
