<?xml version="1.0" encoding="UTF-8"?>
<!-- Generated by org.testng.reporters.JUnitReportReporter -->
<testsuite hostname="AHS-LP-181" failures="0" tests="1" name="com.shushil.SuushulPage2" time="43.209" errors="0" timestamp="2022-04-22T01:14:39 IST" skipped="0">
  <testcase classname="com.shushil.SuushulPage2" name="page2" time="43.209"/>
  <system-out/>
</testsuite> <!-- com.shushil.SuushulPage2 -->
