<?xml version="1.0" encoding="UTF-8"?>
<!-- Generated by org.testng.reporters.JUnitReportReporter -->
<testsuite hostname="AHS-LP-181" failures="0" tests="1" name="com.cm.NotesAdd" time="18.019" errors="0" timestamp="2022-04-19T20:16:42 IST" skipped="0">
  <testcase classname="com.cm.NotesAdd" name="addNotes" time="18.019"/>
  <system-out/>
</testsuite> <!-- com.cm.NotesAdd -->
