<?xml version="1.0" encoding="UTF-8"?>
<!-- Generated by org.testng.reporters.JUnitReportReporter -->
<testsuite hostname="AHS-LP-181" failures="0" tests="1" name="ParametersTestNG" time="0.014" errors="0" timestamp="2022-04-06T19:15:55 IST" skipped="0">
  <testcase classname="ParametersTestNG" name="paraMters" time="0.014"/>
  <system-out/>
</testsuite> <!-- ParametersTestNG -->
