<?xml version="1.0" encoding="UTF-8"?>
<!-- Generated by org.testng.reporters.JUnitReportReporter -->
<testsuite hostname="AHS-LP-181" failures="0" tests="3" name="com.test.Parametersdemo" time="60.556" errors="0" timestamp="2022-04-19T01:37:26 IST" skipped="0">
  <testcase classname="com.test.Parametersdemo" name="browserDetails" time="46.644"/>
  <system-out/>
  <testcase classname="com.test.Parametersdemo" name="urlAccess" time="7.230"/>
  <system-out/>
  <testcase classname="com.test.Parametersdemo" name="enterText" time="6.682"/>
  <system-out/>
</testsuite> <!-- com.test.Parametersdemo -->
