<?xml version="1.0" encoding="UTF-8"?>
<!-- Generated by org.testng.reporters.JUnitReportReporter -->
<testsuite hostname="AHS-LP-181" failures="0" tests="1" name="test.test.Timeout" time="16.859" errors="0" timestamp="2022-04-13T22:28:21 IST" skipped="0">
  <testcase classname="test.test.Timeout" name="timeOut" time="16.859"/>
  <system-out/>
</testsuite> <!-- test.test.Timeout -->
