<?xml version="1.0" encoding="UTF-8"?>
<!-- Generated by org.testng.reporters.JUnitReportReporter -->
<testsuite hostname="AHS-LP-181" failures="0" tests="1" name="test.test.OptionalParameters" time="23.817" errors="0" timestamp="2022-04-06T22:53:15 IST" skipped="0">
  <testcase classname="test.test.OptionalParameters" name="method1" time="23.817"/>
  <system-out/>
</testsuite> <!-- test.test.OptionalParameters -->
