<?xml version="1.0" encoding="UTF-8"?>
<!-- Generated by org.testng.reporters.JUnitReportReporter -->
<testsuite hostname="AHS-LP-181" failures="0" tests="3" name="test.test.DataProviderclass" time="0.035" errors="0" timestamp="2022-04-11T23:52:24 IST" skipped="0">
  <testcase classname="test.test.DataProviderclass" name="method1" time="0.004"/>
  <system-out/>
  <testcase classname="test.test.DataProviderclass" name="method1" time="0.005"/>
  <system-out/>
  <testcase classname="test.test.DataProviderclass" name="method1" time="0.026"/>
  <system-out/>
</testsuite> <!-- test.test.DataProviderclass -->
