<?xml version="1.0" encoding="UTF-8"?>
<!-- Generated by org.testng.reporters.JUnitReportReporter -->
<testsuite hostname="AHS-LP-181" failures="0" tests="6" name="test.test.GroupDependencies" time="0.035" errors="0" timestamp="2022-04-11T15:15:14 IST" skipped="0">
  <testcase classname="test.test.GroupDependencies" name="login2" time="0.006"/>
  <system-out/>
  <testcase classname="test.test.GroupDependencies" name="selectRoute" time="0.004"/>
  <system-out/>
  <testcase classname="test.test.GroupDependencies" name="login1" time="0.016"/>
  <system-out/>
  <testcase classname="test.test.GroupDependencies" name="login" time="0.003"/>
  <system-out/>
  <testcase classname="test.test.GroupDependencies" name="bookingPage" time="0.002"/>
  <system-out/>
  <testcase classname="test.test.GroupDependencies" name="signup" time="0.004"/>
  <system-out/>
</testsuite> <!-- test.test.GroupDependencies -->
