<?xml version="1.0" encoding="UTF-8"?>
<!-- Generated by org.testng.reporters.JUnitReportReporter -->
<testsuite hostname="AHS-LP-181" failures="0" tests="1" name="test.test.ParametersTestNG" time="0.022" errors="0" timestamp="2022-04-06T19:22:05 IST" skipped="0">
  <testcase classname="test.test.ParametersTestNG" name="paraMters" time="0.022"/>
  <system-out/>
</testsuite> <!-- test.test.ParametersTestNG -->
