<?xml version="1.0" encoding="UTF-8"?>
<!-- Generated by org.testng.reporters.JUnitReportReporter -->
<testsuite hostname="AHS-LP-181" failures="0" tests="1" name="test.test.testNgdemo1" time="4.752" errors="0" timestamp="2022-04-06T00:18:46 IST" skipped="0">
  <testcase classname="test.test.testNgdemo1" name="testing" time="4.752"/>
  <system-out/>
</testsuite> <!-- test.test.testNgdemo1 -->
