<?xml version="1.0" encoding="UTF-8"?>
<!-- Generated by org.testng.reporters.JUnitReportReporter -->
<testsuite hostname="AHS-LP-181" failures="0" tests="1" name="com.cm.LogintoGC" time="29.432" errors="0" timestamp="2022-04-19T20:16:42 IST" skipped="0">
  <testcase classname="com.cm.LogintoGC" name="loginGC" time="29.432"/>
  <system-out/>
</testsuite> <!-- com.cm.LogintoGC -->
